2022-07-15 21:49:40.745 [main] INFO  com.yiyulihua.task.TaskApplication - The following profiles are active: dev
2022-07-15 21:49:41.303 [main] INFO  org.springframework.cloud.context.scope.GenericScope - BeanFactory id=33ef1829-9eec-3b23-b27f-579582a74e46
2022-07-15 21:49:41.543 [main] INFO  org.springframework.boot.web.embedded.tomcat.TomcatWebServer - Tomcat initialized with port(s): 9000 (http)
2022-07-15 21:49:41.550 [main] INFO  org.apache.coyote.http11.Http11NioProtocol - Initializing ProtocolHandler ["http-nio-9000"]
2022-07-15 21:49:41.551 [main] INFO  org.apache.catalina.core.StandardService - Starting service [Tomcat]
2022-07-15 21:49:41.551 [main] INFO  org.apache.catalina.core.StandardEngine - Starting Servlet engine: [Apache Tomcat/9.0.41]
2022-07-15 21:49:41.642 [main] INFO  org.apache.catalina.core.ContainerBase.[Tomcat].[localhost].[/] - Initializing Spring embedded WebApplicationContext
2022-07-15 21:49:41.643 [main] INFO  org.springframework.boot.web.servlet.context.ServletWebServerApplicationContext - Root WebApplicationContext: initialization completed in 886 ms
2022-07-15 21:49:41.716 [main] INFO  com.alibaba.druid.spring.boot.autoconfigure.DruidDataSourceAutoConfigure - Init DruidDataSource
2022-07-15 21:49:41.811 [main] INFO  com.alibaba.druid.pool.DruidDataSource - {dataSource-1} inited
2022-07-15 21:49:42.640 [main] INFO  com.netflix.config.sources.URLConfigurationSource - To enable URLs as dynamic configuration sources, define System property archaius.configurationSource.additionalUrls or make config.properties available on classpath.
2022-07-15 21:49:42.644 [main] INFO  com.netflix.config.sources.URLConfigurationSource - To enable URLs as dynamic configuration sources, define System property archaius.configurationSource.additionalUrls or make config.properties available on classpath.
2022-07-15 21:49:42.750 [main] INFO  org.springframework.scheduling.concurrent.ThreadPoolTaskExecutor - Initializing ExecutorService 'applicationTaskExecutor'
2022-07-15 21:49:43.076 [main] INFO  org.springframework.scheduling.concurrent.ThreadPoolTaskScheduler - Initializing ExecutorService 'Nacos-Watch-Task-Scheduler'
2022-07-15 21:49:49.637 [main] INFO  org.apache.coyote.http11.Http11NioProtocol - Starting ProtocolHandler ["http-nio-9000"]
2022-07-15 21:49:49.658 [main] INFO  org.springframework.boot.web.embedded.tomcat.TomcatWebServer - Tomcat started on port(s): 9000 (http) with context path ''
2022-07-15 21:49:51.138 [http-nio-9000-exec-1] INFO  org.apache.catalina.core.ContainerBase.[Tomcat].[localhost].[/] - Initializing Spring DispatcherServlet 'dispatcherServlet'
2022-07-15 21:49:51.139 [http-nio-9000-exec-1] INFO  org.springframework.web.servlet.DispatcherServlet - Initializing Servlet 'dispatcherServlet'
2022-07-15 21:49:51.144 [http-nio-9000-exec-1] INFO  org.springframework.web.servlet.DispatcherServlet - Completed initialization in 5 ms
2022-07-15 21:50:04.852 [main] INFO  org.springframework.scheduling.concurrent.ThreadPoolTaskExecutor - Shutting down ExecutorService 'applicationTaskExecutor'
2022-07-15 21:50:04.861 [main] INFO  com.alibaba.druid.pool.DruidDataSource - {dataSource-1} closed
2022-07-15 21:50:05.044 [main] INFO  org.apache.coyote.http11.Http11NioProtocol - Pausing ProtocolHandler ["http-nio-9000"]
2022-07-15 21:50:05.044 [main] INFO  org.apache.catalina.core.StandardService - Stopping service [Tomcat]
2022-07-15 21:50:05.045 [main] INFO  org.apache.catalina.core.ContainerBase.[Tomcat].[localhost].[/] - Destroying Spring FrameworkServlet 'dispatcherServlet'
2022-07-15 21:50:05.048 [main] INFO  org.apache.coyote.http11.Http11NioProtocol - Stopping ProtocolHandler ["http-nio-9000"]
2022-07-15 21:50:05.051 [main] INFO  org.apache.coyote.http11.Http11NioProtocol - Destroying ProtocolHandler ["http-nio-9000"]
2022-07-15 21:50:05.057 [main] INFO  org.springframework.boot.autoconfigure.logging.ConditionEvaluationReportLoggingListener - 

Error starting ApplicationContext. To display the conditions report re-run your application with 'debug' enabled.
2022-07-15 21:51:28.434 [main] INFO  com.yiyulihua.task.TaskApplication - Starting TaskApplication on LAPTOP-GRJNIE94 with PID 10524 (D:\JavaProjects\202206\yiyulihua\yiyulihua-task\target\classes started by 11384 in D:\JavaProjects\202206\yiyulihua)
2022-07-15 21:51:28.437 [main] INFO  com.yiyulihua.task.TaskApplication - The following profiles are active: dev
2022-07-15 21:51:29.251 [main] INFO  org.springframework.boot.web.embedded.tomcat.TomcatWebServer - Tomcat initialized with port(s): 9000 (http)
2022-07-15 21:51:29.257 [main] INFO  org.apache.coyote.http11.Http11NioProtocol - Initializing ProtocolHandler ["http-nio-9000"]
2022-07-15 21:51:29.258 [main] INFO  org.apache.catalina.core.StandardService - Starting service [Tomcat]
2022-07-15 21:51:29.258 [main] INFO  org.apache.catalina.core.StandardEngine - Starting Servlet engine: [Apache Tomcat/9.0.41]
2022-07-15 21:51:29.320 [main] INFO  org.apache.catalina.core.ContainerBase.[Tomcat].[localhost].[/] - Initializing Spring embedded WebApplicationContext
2022-07-15 21:51:29.320 [main] INFO  org.springframework.boot.web.servlet.context.ServletWebServerApplicationContext - Root WebApplicationContext: initialization completed in 836 ms
2022-07-15 21:51:29.387 [main] INFO  com.alibaba.druid.spring.boot.autoconfigure.DruidDataSourceAutoConfigure - Init DruidDataSource
2022-07-15 21:51:29.460 [main] INFO  com.alibaba.druid.pool.DruidDataSource - {dataSource-1} inited
2022-07-15 21:51:30.081 [main] INFO  org.springframework.scheduling.concurrent.ThreadPoolTaskExecutor - Initializing ExecutorService 'applicationTaskExecutor'
2022-07-15 21:51:30.207 [main] INFO  org.apache.coyote.http11.Http11NioProtocol - Starting ProtocolHandler ["http-nio-9000"]
2022-07-15 21:51:30.222 [main] INFO  org.springframework.boot.web.embedded.tomcat.TomcatWebServer - Tomcat started on port(s): 9000 (http) with context path ''
2022-07-15 21:51:30.230 [main] INFO  com.yiyulihua.task.TaskApplication - Started TaskApplication in 2.241 seconds (JVM running for 2.972)
2022-07-15 21:51:34.157 [http-nio-9000-exec-1] INFO  org.apache.catalina.core.ContainerBase.[Tomcat].[localhost].[/] - Initializing Spring DispatcherServlet 'dispatcherServlet'
2022-07-15 21:51:34.158 [http-nio-9000-exec-1] INFO  org.springframework.web.servlet.DispatcherServlet - Initializing Servlet 'dispatcherServlet'
2022-07-15 21:51:34.165 [http-nio-9000-exec-1] INFO  org.springframework.web.servlet.DispatcherServlet - Completed initialization in 7 ms
2022-07-15 21:52:55.364 [main] INFO  com.yiyulihua.task.TaskApplication - Starting TaskApplication on LAPTOP-GRJNIE94 with PID 6596 (D:\JavaProjects\202206\yiyulihua\yiyulihua-task\target\classes started by 11384 in D:\JavaProjects\202206\yiyulihua)
2022-07-15 21:52:55.367 [main] INFO  com.yiyulihua.task.TaskApplication - The following profiles are active: dev
2022-07-15 21:52:56.192 [main] INFO  org.springframework.boot.web.embedded.tomcat.TomcatWebServer - Tomcat initialized with port(s): 9000 (http)
2022-07-15 21:52:56.198 [main] INFO  org.apache.coyote.http11.Http11NioProtocol - Initializing ProtocolHandler ["http-nio-9000"]
2022-07-15 21:52:56.199 [main] INFO  org.apache.catalina.core.StandardService - Starting service [Tomcat]
2022-07-15 21:52:56.199 [main] INFO  org.apache.catalina.core.StandardEngine - Starting Servlet engine: [Apache Tomcat/9.0.41]
2022-07-15 21:52:56.260 [main] INFO  org.apache.catalina.core.ContainerBase.[Tomcat].[localhost].[/] - Initializing Spring embedded WebApplicationContext
2022-07-15 21:52:56.261 [main] INFO  org.springframework.boot.web.servlet.context.ServletWebServerApplicationContext - Root WebApplicationContext: initialization completed in 846 ms
2022-07-15 21:52:56.327 [main] INFO  com.alibaba.druid.spring.boot.autoconfigure.DruidDataSourceAutoConfigure - Init DruidDataSource
2022-07-15 21:52:56.402 [main] INFO  com.alibaba.druid.pool.DruidDataSource - {dataSource-1} inited
2022-07-15 21:52:57.088 [main] INFO  org.springframework.scheduling.concurrent.ThreadPoolTaskExecutor - Initializing ExecutorService 'applicationTaskExecutor'
2022-07-15 21:52:57.212 [main] INFO  org.apache.coyote.http11.Http11NioProtocol - Starting ProtocolHandler ["http-nio-9000"]
2022-07-15 21:52:57.227 [main] INFO  org.springframework.boot.web.embedded.tomcat.TomcatWebServer - Tomcat started on port(s): 9000 (http) with context path ''
2022-07-15 21:52:57.234 [main] INFO  com.yiyulihua.task.TaskApplication - Started TaskApplication in 2.306 seconds (JVM running for 2.948)
2022-07-15 21:53:00.857 [http-nio-9000-exec-1] INFO  org.apache.catalina.core.ContainerBase.[Tomcat].[localhost].[/] - Initializing Spring DispatcherServlet 'dispatcherServlet'
2022-07-15 21:53:00.857 [http-nio-9000-exec-1] INFO  org.springframework.web.servlet.DispatcherServlet - Initializing Servlet 'dispatcherServlet'
2022-07-15 21:53:00.862 [http-nio-9000-exec-1] INFO  org.springframework.web.servlet.DispatcherServlet - Completed initialization in 5 ms
2022-07-15 22:09:28.258 [main] INFO  com.yiyulihua.task.TaskApplication - The following profiles are active: dev
2022-07-15 22:09:28.733 [main] INFO  org.springframework.cloud.context.scope.GenericScope - BeanFactory id=9e2c4606-2ddd-301a-a977-0960a71085b1
2022-07-15 22:09:28.755 [main] INFO  org.springframework.context.support.PostProcessorRegistrationDelegate$BeanPostProcessorChecker - Bean 'org.springframework.cloud.autoconfigure.ConfigurationPropertiesRebinderAutoConfiguration' of type [org.springframework.cloud.autoconfigure.ConfigurationPropertiesRebinderAutoConfiguration] is not eligible for getting processed by all BeanPostProcessors (for example: not eligible for auto-proxying)
2022-07-15 22:09:28.935 [main] INFO  org.springframework.boot.web.embedded.tomcat.TomcatWebServer - Tomcat initialized with port(s): 9000 (http)
2022-07-15 22:09:28.942 [main] INFO  org.apache.coyote.http11.Http11NioProtocol - Initializing ProtocolHandler ["http-nio-9000"]
2022-07-15 22:09:28.943 [main] INFO  org.apache.catalina.core.StandardService - Starting service [Tomcat]
2022-07-15 22:09:28.943 [main] INFO  org.apache.catalina.core.StandardEngine - Starting Servlet engine: [Apache Tomcat/9.0.41]
2022-07-15 22:09:29.041 [main] INFO  org.apache.catalina.core.ContainerBase.[Tomcat].[localhost].[/] - Initializing Spring embedded WebApplicationContext
2022-07-15 22:09:29.041 [main] INFO  org.springframework.boot.web.servlet.context.ServletWebServerApplicationContext - Root WebApplicationContext: initialization completed in 772 ms
2022-07-15 22:09:29.114 [main] INFO  com.alibaba.druid.spring.boot.autoconfigure.DruidDataSourceAutoConfigure - Init DruidDataSource
2022-07-15 22:09:29.197 [main] INFO  com.alibaba.druid.pool.DruidDataSource - {dataSource-1} inited
2022-07-15 22:09:30.264 [main] INFO  com.netflix.config.sources.URLConfigurationSource - To enable URLs as dynamic configuration sources, define System property archaius.configurationSource.additionalUrls or make config.properties available on classpath.
2022-07-15 22:09:30.268 [main] INFO  com.netflix.config.sources.URLConfigurationSource - To enable URLs as dynamic configuration sources, define System property archaius.configurationSource.additionalUrls or make config.properties available on classpath.
2022-07-15 22:09:30.400 [main] INFO  org.springframework.scheduling.concurrent.ThreadPoolTaskExecutor - Initializing ExecutorService 'applicationTaskExecutor'
2022-07-15 22:09:30.857 [main] INFO  org.springframework.scheduling.concurrent.ThreadPoolTaskScheduler - Initializing ExecutorService 'Nacso-Watch-Task-Scheduler'
2022-07-15 22:09:31.651 [main] INFO  org.apache.coyote.http11.Http11NioProtocol - Starting ProtocolHandler ["http-nio-9000"]
2022-07-15 22:09:31.676 [main] INFO  org.springframework.boot.web.embedded.tomcat.TomcatWebServer - Tomcat started on port(s): 9000 (http) with context path ''
2022-07-15 22:09:32.003 [main] INFO  com.alibaba.cloud.nacos.registry.NacosServiceRegistry - nacos registry, DEFAULT_GROUP yiyulihua-task 192.168.0.196:9000 register finished
2022-07-15 22:09:32.255 [main] INFO  com.yiyulihua.task.TaskApplication - Started TaskApplication in 5.484 seconds (JVM running for 6.791)
2022-07-15 22:10:43.133 [http-nio-9000-exec-1] INFO  org.apache.catalina.core.ContainerBase.[Tomcat].[localhost].[/] - Initializing Spring DispatcherServlet 'dispatcherServlet'
2022-07-15 22:10:43.134 [http-nio-9000-exec-1] INFO  org.springframework.web.servlet.DispatcherServlet - Initializing Servlet 'dispatcherServlet'
2022-07-15 22:10:43.138 [http-nio-9000-exec-1] INFO  org.springframework.web.servlet.DispatcherServlet - Completed initialization in 4 ms
